[2022-10-19T11:06:21.391630-03:00] cotacao.INFO: E-mail enviado com sucesso! Email: coelhojoao27@gmail.com {"IP":"::1","id":"14","email":"fernandocarvalho.sena@gmail.com"} []
[2022-10-19T11:06:21.494179-03:00] cotacao.INFO: Whatsapp enviado com sucesso! numero: 4733765583 {"IP":"::1","id":"14","email":"fernandocarvalho.sena@gmail.com"} []
[2022-10-19T11:06:21.710775-03:00] cotacao.INFO: Whatsapp enviado com sucesso para os administradores! Número: 11943632003 {"IP":"::1","id":"14","email":"fernandocarvalho.sena@gmail.com"} []
[2022-10-19T11:06:21.742692-03:00] cotacao.INFO: Whatsapp enviado com sucesso para os administradores! Número: 41996494624 {"IP":"::1","id":"14","email":"fernandocarvalho.sena@gmail.com"} []
[2022-10-19T11:06:21.769058-03:00] cotacao.INFO: Whatsapp enviado com sucesso para os administradores! Número: 41996495078 {"IP":"::1","id":"14","email":"fernandocarvalho.sena@gmail.com"} []
[2022-10-19T11:06:21.792764-03:00] cotacao.INFO: Whatsapp enviado com sucesso para os administradores! Número: 41996494569 {"IP":"::1","id":"14","email":"fernandocarvalho.sena@gmail.com"} []
[2022-10-19T11:07:17.534072-03:00] cotacao.INFO: E-mail enviado com sucesso! Email: compras1@engetank.com.br {"IP":"::1","id":"14","email":"fernandocarvalho.sena@gmail.com"} []
[2022-10-19T11:07:17.581083-03:00] cotacao.INFO: Whatsapp enviado com sucesso! numero: 33541421 {"IP":"::1","id":"14","email":"fernandocarvalho.sena@gmail.com"} []
[2022-10-19T11:07:17.711805-03:00] cotacao.INFO: Whatsapp enviado com sucesso para os administradores! Número: 11943632003 {"IP":"::1","id":"14","email":"fernandocarvalho.sena@gmail.com"} []
[2022-10-19T11:07:17.730980-03:00] cotacao.INFO: Whatsapp enviado com sucesso para os administradores! Número: 41996494624 {"IP":"::1","id":"14","email":"fernandocarvalho.sena@gmail.com"} []
[2022-10-19T11:07:17.762088-03:00] cotacao.INFO: Whatsapp enviado com sucesso para os administradores! Número: 41996495078 {"IP":"::1","id":"14","email":"fernandocarvalho.sena@gmail.com"} []
[2022-10-19T11:07:17.795972-03:00] cotacao.INFO: Whatsapp enviado com sucesso para os administradores! Número: 41996494569 {"IP":"::1","id":"14","email":"fernandocarvalho.sena@gmail.com"} []
[2022-10-19T11:07:17.856031-03:00] cotacao.INFO: E-mail enviado com sucesso! Email: compras1@engetank.com.br  {"IP":"::1","id":"14","email":"fernandocarvalho.sena@gmail.com"} []
[2022-10-19T11:07:17.888862-03:00] cotacao.INFO: Whatsapp enviado com sucesso! numero: 4133541421 {"IP":"::1","id":"14","email":"fernandocarvalho.sena@gmail.com"} []
[2022-10-19T11:07:17.939675-03:00] cotacao.INFO: Whatsapp enviado com sucesso para os administradores! Número: 11943632003 {"IP":"::1","id":"14","email":"fernandocarvalho.sena@gmail.com"} []
[2022-10-19T11:07:17.962261-03:00] cotacao.INFO: Whatsapp enviado com sucesso para os administradores! Número: 41996494624 {"IP":"::1","id":"14","email":"fernandocarvalho.sena@gmail.com"} []
[2022-10-19T11:07:17.982503-03:00] cotacao.INFO: Whatsapp enviado com sucesso para os administradores! Número: 41996495078 {"IP":"::1","id":"14","email":"fernandocarvalho.sena@gmail.com"} []
[2022-10-19T11:07:18.004784-03:00] cotacao.INFO: Whatsapp enviado com sucesso para os administradores! Número: 41996494569 {"IP":"::1","id":"14","email":"fernandocarvalho.sena@gmail.com"} []
[2022-10-19T11:07:18.039831-03:00] cotacao.INFO: E-mail enviado com sucesso! Email: 	compras1@engetank.com.br {"IP":"::1","id":"14","email":"fernandocarvalho.sena@gmail.com"} []
[2022-10-19T11:07:18.062437-03:00] cotacao.INFO: Whatsapp enviado com sucesso! numero: 4133541421 {"IP":"::1","id":"14","email":"fernandocarvalho.sena@gmail.com"} []
[2022-10-19T11:07:18.098236-03:00] cotacao.INFO: Whatsapp enviado com sucesso para os administradores! Número: 11943632003 {"IP":"::1","id":"14","email":"fernandocarvalho.sena@gmail.com"} []
[2022-10-19T11:07:18.120844-03:00] cotacao.INFO: Whatsapp enviado com sucesso para os administradores! Número: 41996494624 {"IP":"::1","id":"14","email":"fernandocarvalho.sena@gmail.com"} []
[2022-10-19T11:07:18.140020-03:00] cotacao.INFO: Whatsapp enviado com sucesso para os administradores! Número: 41996495078 {"IP":"::1","id":"14","email":"fernandocarvalho.sena@gmail.com"} []
[2022-10-19T11:07:18.162506-03:00] cotacao.INFO: Whatsapp enviado com sucesso para os administradores! Número: 41996494569 {"IP":"::1","id":"14","email":"fernandocarvalho.sena@gmail.com"} []
[2022-10-19T11:11:33.649320-03:00] cotacao.INFO: E-mail enviado com sucesso! Email: compras1@engetank.com.br {"IP":"::1","id":"14","email":"fernandocarvalho.sena@gmail.com"} []
[2022-10-19T11:11:33.690884-03:00] cotacao.INFO: Whatsapp enviado com sucesso! numero: 33541421 {"IP":"::1","id":"14","email":"fernandocarvalho.sena@gmail.com"} []
[2022-10-19T11:11:33.830162-03:00] cotacao.INFO: Whatsapp enviado com sucesso para os administradores! Número: 11943632003 {"IP":"::1","id":"14","email":"fernandocarvalho.sena@gmail.com"} []
[2022-10-19T11:11:33.872186-03:00] cotacao.INFO: Whatsapp enviado com sucesso para os administradores! Número: 41996494624 {"IP":"::1","id":"14","email":"fernandocarvalho.sena@gmail.com"} []
[2022-10-19T11:11:33.913124-03:00] cotacao.INFO: Whatsapp enviado com sucesso para os administradores! Número: 41996495078 {"IP":"::1","id":"14","email":"fernandocarvalho.sena@gmail.com"} []
[2022-10-19T11:11:33.947027-03:00] cotacao.INFO: Whatsapp enviado com sucesso para os administradores! Número: 41996494569 {"IP":"::1","id":"14","email":"fernandocarvalho.sena@gmail.com"} []
[2022-10-19T11:11:33.991189-03:00] cotacao.INFO: E-mail enviado com sucesso! Email: compras1@engetank.com.br  {"IP":"::1","id":"14","email":"fernandocarvalho.sena@gmail.com"} []
[2022-10-19T11:11:34.013682-03:00] cotacao.INFO: Whatsapp enviado com sucesso! numero: 4133541421 {"IP":"::1","id":"14","email":"fernandocarvalho.sena@gmail.com"} []
[2022-10-19T11:11:34.055268-03:00] cotacao.INFO: Whatsapp enviado com sucesso para os administradores! Número: 11943632003 {"IP":"::1","id":"14","email":"fernandocarvalho.sena@gmail.com"} []
[2022-10-19T11:11:34.089029-03:00] cotacao.INFO: Whatsapp enviado com sucesso para os administradores! Número: 41996494624 {"IP":"::1","id":"14","email":"fernandocarvalho.sena@gmail.com"} []
[2022-10-19T11:11:34.108070-03:00] cotacao.INFO: Whatsapp enviado com sucesso para os administradores! Número: 41996495078 {"IP":"::1","id":"14","email":"fernandocarvalho.sena@gmail.com"} []
[2022-10-19T11:11:34.139147-03:00] cotacao.INFO: Whatsapp enviado com sucesso para os administradores! Número: 41996494569 {"IP":"::1","id":"14","email":"fernandocarvalho.sena@gmail.com"} []
[2022-10-19T11:11:34.217794-03:00] cotacao.INFO: E-mail enviado com sucesso! Email: 	compras1@engetank.com.br {"IP":"::1","id":"14","email":"fernandocarvalho.sena@gmail.com"} []
[2022-10-19T11:11:34.259584-03:00] cotacao.INFO: Whatsapp enviado com sucesso! numero: 4133541421 {"IP":"::1","id":"14","email":"fernandocarvalho.sena@gmail.com"} []
[2022-10-19T11:11:34.297624-03:00] cotacao.INFO: Whatsapp enviado com sucesso para os administradores! Número: 11943632003 {"IP":"::1","id":"14","email":"fernandocarvalho.sena@gmail.com"} []
[2022-10-19T11:11:34.317788-03:00] cotacao.INFO: Whatsapp enviado com sucesso para os administradores! Número: 41996494624 {"IP":"::1","id":"14","email":"fernandocarvalho.sena@gmail.com"} []
[2022-10-19T11:11:34.355882-03:00] cotacao.INFO: Whatsapp enviado com sucesso para os administradores! Número: 41996495078 {"IP":"::1","id":"14","email":"fernandocarvalho.sena@gmail.com"} []
[2022-10-19T11:11:34.376119-03:00] cotacao.INFO: Whatsapp enviado com sucesso para os administradores! Número: 41996494569 {"IP":"::1","id":"14","email":"fernandocarvalho.sena@gmail.com"} []
